{"contracts/NftMarketplace.sol":{"l":{"52":21,"53":21,"54":18,"58":8,"59":8,"60":7,"64":15,"65":15,"66":15,"84":14,"85":13,"86":13,"87":1,"88":12,"89":12,"98":4,"99":4,"101":3,"102":3,"103":3,"104":3,"111":2,"112":2,"125":2,"126":2,"127":2,"131":2,"132":2,"133":1,"134":1,"135":1,"143":3,"147":2},"path":"/home/sachan/Documents/Projects/Blockchain_Projects/NFT-unboxed/contracts/NftMarketplace.sol","s":{"1":21,"2":21,"3":8,"4":8,"5":15,"6":15,"7":14,"8":13,"9":13,"10":12,"11":12,"12":4,"13":4,"14":3,"15":3,"16":3,"17":2,"18":2,"19":2,"20":2,"21":2,"22":2,"23":1,"24":1,"25":1,"26":3,"27":2},"b":{"1":[3,18],"2":[1,7],"3":[0,15],"4":[1,13],"5":[1,12],"6":[1,3],"7":[0,2],"8":[1,1],"9":[0,1]},"f":{"1":3,"2":21,"3":8,"4":15,"5":14,"6":4,"7":2,"8":2,"9":2,"10":3,"11":2},"fnMap":{"1":{"name":"constructor","line":41,"loc":{"start":{"line":41,"column":4},"end":{"line":41,"column":19}}},"2":{"name":"isOwner","line":47,"loc":{"start":{"line":47,"column":4},"end":{"line":55,"column":4}}},"3":{"name":"isListed","line":57,"loc":{"start":{"line":57,"column":4},"end":{"line":61,"column":4}}},"4":{"name":"notListed","line":63,"loc":{"start":{"line":63,"column":4},"end":{"line":67,"column":4}}},"5":{"name":"listItem","line":83,"loc":{"start":{"line":79,"column":4},"end":{"line":90,"column":4}}},"6":{"name":"buyItem","line":96,"loc":{"start":{"line":92,"column":4},"end":{"line":105,"column":4}}},"7":{"name":"cancelItem","line":109,"loc":{"start":{"line":107,"column":4},"end":{"line":113,"column":4}}},"8":{"name":"updateItem","line":123,"loc":{"start":{"line":115,"column":4},"end":{"line":128,"column":4}}},"9":{"name":"withdrawProceeds","line":130,"loc":{"start":{"line":130,"column":4},"end":{"line":136,"column":4}}},"10":{"name":"getItem","line":142,"loc":{"start":{"line":142,"column":4},"end":{"line":144,"column":4}}},"11":{"name":"getProceeds","line":146,"loc":{"start":{"line":146,"column":4},"end":{"line":148,"column":4}}}},"statementMap":{"1":{"start":{"line":52,"column":8},"end":{"line":52,"column":41}},"2":{"start":{"line":53,"column":8},"end":{"line":53,"column":77}},"3":{"start":{"line":58,"column":8},"end":{"line":58,"column":55}},"4":{"start":{"line":59,"column":8},"end":{"line":59,"column":63}},"5":{"start":{"line":64,"column":8},"end":{"line":64,"column":55}},"6":{"start":{"line":65,"column":8},"end":{"line":65,"column":66}},"7":{"start":{"line":84,"column":8},"end":{"line":84,"column":75}},"8":{"start":{"line":85,"column":8},"end":{"line":85,"column":41}},"9":{"start":{"line":86,"column":8},"end":{"line":86,"column":2542}},"10":{"start":{"line":88,"column":8},"end":{"line":88,"column":61}},"11":{"start":{"line":89,"column":8},"end":{"line":89,"column":63}},"12":{"start":{"line":98,"column":8},"end":{"line":98,"column":55}},"13":{"start":{"line":99,"column":8},"end":{"line":99,"column":75}},"14":{"start":{"line":101,"column":8},"end":{"line":101,"column":43}},"15":{"start":{"line":103,"column":8},"end":{"line":103,"column":76}},"16":{"start":{"line":104,"column":8},"end":{"line":104,"column":66}},"17":{"start":{"line":112,"column":8},"end":{"line":112,"column":46}},"18":{"start":{"line":125,"column":8},"end":{"line":125,"column":78}},"19":{"start":{"line":126,"column":8},"end":{"line":126,"column":52}},"20":{"start":{"line":127,"column":8},"end":{"line":127,"column":66}},"21":{"start":{"line":131,"column":8},"end":{"line":131,"column":49}},"22":{"start":{"line":132,"column":8},"end":{"line":132,"column":62}},"23":{"start":{"line":133,"column":8},"end":{"line":133,"column":33}},"24":{"start":{"line":134,"column":8},"end":{"line":134,"column":72}},"25":{"start":{"line":135,"column":8},"end":{"line":135,"column":61}},"26":{"start":{"line":143,"column":8},"end":{"line":143,"column":43}},"27":{"start":{"line":147,"column":8},"end":{"line":147,"column":33}}},"branchMap":{"1":{"line":53,"type":"if","locations":[{"start":{"line":53,"column":8},"end":{"line":53,"column":8}},{"start":{"line":53,"column":8},"end":{"line":53,"column":8}}]},"2":{"line":59,"type":"if","locations":[{"start":{"line":59,"column":8},"end":{"line":59,"column":8}},{"start":{"line":59,"column":8},"end":{"line":59,"column":8}}]},"3":{"line":65,"type":"if","locations":[{"start":{"line":65,"column":8},"end":{"line":65,"column":8}},{"start":{"line":65,"column":8},"end":{"line":65,"column":8}}]},"4":{"line":84,"type":"if","locations":[{"start":{"line":84,"column":8},"end":{"line":84,"column":8}},{"start":{"line":84,"column":8},"end":{"line":84,"column":8}}]},"5":{"line":86,"type":"if","locations":[{"start":{"line":86,"column":8},"end":{"line":86,"column":8}},{"start":{"line":86,"column":8},"end":{"line":86,"column":8}}]},"6":{"line":99,"type":"if","locations":[{"start":{"line":99,"column":8},"end":{"line":99,"column":8}},{"start":{"line":99,"column":8},"end":{"line":99,"column":8}}]},"7":{"line":125,"type":"if","locations":[{"start":{"line":125,"column":8},"end":{"line":125,"column":8}},{"start":{"line":125,"column":8},"end":{"line":125,"column":8}}]},"8":{"line":132,"type":"if","locations":[{"start":{"line":132,"column":8},"end":{"line":132,"column":8}},{"start":{"line":132,"column":8},"end":{"line":132,"column":8}}]},"9":{"line":135,"type":"if","locations":[{"start":{"line":135,"column":8},"end":{"line":135,"column":8}},{"start":{"line":135,"column":8},"end":{"line":135,"column":8}}]}}},"contracts/test/BasicNft.sol":{"l":{"14":3,"18":18,"19":18,"20":18,"29":0,"33":0,"37":0},"path":"/home/sachan/Documents/Projects/Blockchain_Projects/NFT-unboxed/contracts/test/BasicNft.sol","s":{"1":3,"2":18,"3":18,"4":18,"5":0,"6":0,"7":0},"b":{"1":[0,0]},"f":{"1":3,"2":18,"3":0,"4":0},"fnMap":{"1":{"name":"constructor","line":13,"loc":{"start":{"line":13,"column":4},"end":{"line":15,"column":4}}},"2":{"name":"mintNft","line":17,"loc":{"start":{"line":17,"column":4},"end":{"line":21,"column":4}}},"3":{"name":"tokenURI","line":23,"loc":{"start":{"line":23,"column":4},"end":{"line":34,"column":4}}},"4":{"name":"getTokenCounter","line":36,"loc":{"start":{"line":36,"column":4},"end":{"line":38,"column":4}}}},"statementMap":{"1":{"start":{"line":14,"column":8},"end":{"line":14,"column":25}},"2":{"start":{"line":18,"column":8},"end":{"line":18,"column":44}},"3":{"start":{"line":19,"column":8},"end":{"line":19,"column":38}},"4":{"start":{"line":20,"column":8},"end":{"line":20,"column":42}},"5":{"start":{"line":29,"column":8},"end":{"line":29,"column":756}},"6":{"start":{"line":33,"column":8},"end":{"line":33,"column":24}},"7":{"start":{"line":37,"column":8},"end":{"line":37,"column":29}}},"branchMap":{"1":{"line":29,"type":"if","locations":[{"start":{"line":29,"column":8},"end":{"line":29,"column":8}},{"start":{"line":29,"column":8},"end":{"line":29,"column":8}}]}}}}