{
"contracts/NFTUnboxed.sol":{"l":{"48":15,"49":15,"50":15,"58":21,"59":21,"60":18,"64":8,"65":8,"66":7,"88":14,"89":13,"90":13,"91":1,"92":12,"93":12,"102":4,"103":4,"105":3,"106":3,"107":3,"108":3,"115":2,"116":2,"129":2,"130":2,"131":2,"132":2,"136":2,"137":2,"138":1,"139":1,"140":1,"152":3,"160":2},"path":"/home/sachan/Documents/Projects/Blockchain_Projects/NFT-unboxed/contracts/NFTUnboxed.sol","s":{"1":15,"2":15,"3":21,"4":21,"5":8,"6":8,"7":14,"8":13,"9":13,"10":12,"11":12,"12":4,"13":4,"14":3,"15":3,"16":3,"17":2,"18":2,"19":2,"20":2,"21":2,"22":2,"23":2,"24":1,"25":1,"26":1,"27":3,"28":2},"b":{"1":[0,15],"2":[3,18],"3":[1,7],"4":[1,13],"5":[1,12],"6":[1,3],"7":[0,2],"8":[1,1],"9":[0,1]},"f":{"1":3,"2":15,"3":21,"4":8,"5":14,"6":4,"7":2,"8":2,"9":2,"10":3,"11":2},"fnMap":{"1":{"name":"constructor","line":41,"loc":{"start":{"line":41,"column":4},"end":{"line":41,"column":19}}},"2":{"name":"notListed","line":47,"loc":{"start":{"line":47,"column":4},"end":{"line":51,"column":4}}},"3":{"name":"isOwner","line":53,"loc":{"start":{"line":53,"column":4},"end":{"line":61,"column":4}}},"4":{"name":"isListed","line":63,"loc":{"start":{"line":63,"column":4},"end":{"line":67,"column":4}}},"5":{"name":"listItem","line":86,"loc":{"start":{"line":79,"column":4},"end":{"line":94,"column":4}}},"6":{"name":"buyItem","line":100,"loc":{"start":{"line":96,"column":4},"end":{"line":109,"column":4}}},"7":{"name":"deleteItem","line":113,"loc":{"start":{"line":111,"column":4},"end":{"line":117,"column":4}}},"8":{"name":"updateItem","line":127,"loc":{"start":{"line":119,"column":4},"end":{"line":133,"column":4}}},"9":{"name":"withdrawProceeds","line":135,"loc":{"start":{"line":135,"column":4},"end":{"line":141,"column":4}}},"10":{"name":"getItem","line":147,"loc":{"start":{"line":147,"column":4},"end":{"line":153,"column":4}}},"11":{"name":"getProceeds","line":155,"loc":{"start":{"line":155,"column":4},"end":{"line":161,"column":4}}}},"statementMap":{"1":{"start":{"line":48,"column":8},"end":{"line":48,"column":55}},"2":{"start":{"line":49,"column":8},"end":{"line":49,"column":62}},"3":{"start":{"line":58,"column":8},"end":{"line":58,"column":41}},"4":{"start":{"line":59,"column":8},"end":{"line":59,"column":73}},"5":{"start":{"line":64,"column":8},"end":{"line":64,"column":55}},"6":{"start":{"line":65,"column":8},"end":{"line":65,"column":59}},"7":{"start":{"line":88,"column":8},"end":{"line":88,"column":71}},"8":{"start":{"line":89,"column":8},"end":{"line":89,"column":41}},"9":{"start":{"line":90,"column":8},"end":{"line":90,"column":2530}},"10":{"start":{"line":92,"column":8},"end":{"line":92,"column":61}},"11":{"start":{"line":93,"column":8},"end":{"line":93,"column":63}},"12":{"start":{"line":102,"column":8},"end":{"line":102,"column":55}},"13":{"start":{"line":103,"column":8},"end":{"line":103,"column":71}},"14":{"start":{"line":105,"column":8},"end":{"line":105,"column":44}},"15":{"start":{"line":107,"column":8},"end":{"line":107,"column":77}},"16":{"start":{"line":108,"column":8},"end":{"line":108,"column":68}},"17":{"start":{"line":116,"column":8},"end":{"line":116,"column":44}},"18":{"start":{"line":129,"column":8},"end":{"line":129,"column":74}},"19":{"start":{"line":130,"column":8},"end":{"line":130,"column":55}},"20":{"start":{"line":131,"column":8},"end":{"line":131,"column":52}},"21":{"start":{"line":132,"column":8},"end":{"line":132,"column":68}},"22":{"start":{"line":136,"column":8},"end":{"line":136,"column":49}},"23":{"start":{"line":137,"column":8},"end":{"line":137,"column":58}},"24":{"start":{"line":138,"column":8},"end":{"line":138,"column":33}},"25":{"start":{"line":139,"column":8},"end":{"line":139,"column":72}},"26":{"start":{"line":140,"column":8},"end":{"line":140,"column":57}},"27":{"start":{"line":152,"column":8},"end":{"line":152,"column":43}},"28":{"start":{"line":160,"column":8},"end":{"line":160,"column":40}}},"branchMap":{"1":{"line":49,"type":"if","locations":[{"start":{"line":49,"column":8},"end":{"line":49,"column":8}},{"start":{"line":49,"column":8},"end":{"line":49,"column":8}}]},"2":{"line":59,"type":"if","locations":[{"start":{"line":59,"column":8},"end":{"line":59,"column":8}},{"start":{"line":59,"column":8},"end":{"line":59,"column":8}}]},"3":{"line":65,"type":"if","locations":[{"start":{"line":65,"column":8},"end":{"line":65,"column":8}},{"start":{"line":65,"column":8},"end":{"line":65,"column":8}}]},"4":{"line":88,"type":"if","locations":[{"start":{"line":88,"column":8},"end":{"line":88,"column":8}},{"start":{"line":88,"column":8},"end":{"line":88,"column":8}}]},"5":{"line":90,"type":"if","locations":[{"start":{"line":90,"column":8},"end":{"line":90,"column":8}},{"start":{"line":90,"column":8},"end":{"line":90,"column":8}}]},"6":{"line":103,"type":"if","locations":[{"start":{"line":103,"column":8},"end":{"line":103,"column":8}},{"start":{"line":103,"column":8},"end":{"line":103,"column":8}}]},"7":{"line":129,"type":"if","locations":[{"start":{"line":129,"column":8},"end":{"line":129,"column":8}},{"start":{"line":129,"column":8},"end":{"line":129,"column":8}}]},"8":{"line":137,"type":"if","locations":[{"start":{"line":137,"column":8},"end":{"line":137,"column":8}},{"start":{"line":137,"column":8},"end":{"line":137,"column":8}}]},"9":{"line":140,"type":"if","locations":[{"start":{"line":140,"column":8},"end":{"line":140,"column":8}},{"start":{"line":140,"column":8},"end":{"line":140,"column":8}}]}}},
"contracts/test/BasicNft.sol":{"l":{"14":3,"18":18,"19":18,"20":18,"29":0,"33":0,"37":0},"path":"/home/sachan/Documents/Projects/Blockchain_Projects/NFT-unboxed/contracts/test/BasicNft.sol","s":{"1":3,"2":18,"3":18,"4":18,"5":0,"6":0,"7":0},"b":{"1":[0,0]},"f":{"1":3,"2":18,"3":0,"4":0},"fnMap":{"1":{"name":"constructor","line":13,"loc":{"start":{"line":13,"column":4},"end":{"line":15,"column":4}}},"2":{"name":"mintNft","line":17,"loc":{"start":{"line":17,"column":4},"end":{"line":21,"column":4}}},"3":{"name":"tokenURI","line":23,"loc":{"start":{"line":23,"column":4},"end":{"line":34,"column":4}}},"4":{"name":"getTokenCounter","line":36,"loc":{"start":{"line":36,"column":4},"end":{"line":38,"column":4}}}},"statementMap":{"1":{"start":{"line":14,"column":8},"end":{"line":14,"column":25}},"2":{"start":{"line":18,"column":8},"end":{"line":18,"column":44}},"3":{"start":{"line":19,"column":8},"end":{"line":19,"column":38}},"4":{"start":{"line":20,"column":8},"end":{"line":20,"column":42}},"5":{"start":{"line":29,"column":8},"end":{"line":29,"column":756}},"6":{"start":{"line":33,"column":8},"end":{"line":33,"column":24}},"7":{"start":{"line":37,"column":8},"end":{"line":37,"column":29}}},"branchMap":{"1":{"line":29,"type":"if","locations":[{"start":{"line":29,"column":8},"end":{"line":29,"column":8}},{"start":{"line":29,"column":8},"end":{"line":29,"column":8}}]}}}}
