TN:
SF:/home/sachan/Documents/Projects/Blockchain_Projects/NFT-unboxed/contracts/NFTUnboxed.sol
FN:41,constructor
FN:47,notListed
FN:53,isOwner
FN:63,isListed
FN:86,listItem
FN:100,buyItem
FN:113,deleteItem
FN:127,updateItem
FN:135,withdrawProceeds
FN:147,getItem
FN:155,getProceeds
FNF:11
FNH:11
FNDA:3,constructor
FNDA:15,notListed
FNDA:21,isOwner
FNDA:8,isListed
FNDA:14,listItem
FNDA:4,buyItem
FNDA:2,deleteItem
FNDA:2,updateItem
FNDA:2,withdrawProceeds
FNDA:3,getItem
FNDA:2,getProceeds
DA:48,15
DA:49,15
DA:50,15
DA:58,21
DA:59,21
DA:60,18
DA:64,8
DA:65,8
DA:66,7
DA:88,14
DA:89,13
DA:90,13
DA:91,1
DA:92,12
DA:93,12
DA:102,4
DA:103,4
DA:105,3
DA:106,3
DA:107,3
DA:108,3
DA:115,2
DA:116,2
DA:129,2
DA:130,2
DA:131,2
DA:132,2
DA:136,2
DA:137,2
DA:138,1
DA:139,1
DA:140,1
DA:152,3
DA:160,2
LF:34
LH:34
BRDA:49,1,0,0
BRDA:49,1,1,15
BRDA:59,2,0,3
BRDA:59,2,1,18
BRDA:65,3,0,1
BRDA:65,3,1,7
BRDA:88,4,0,1
BRDA:88,4,1,13
BRDA:90,5,0,1
BRDA:90,5,1,12
BRDA:103,6,0,1
BRDA:103,6,1,3
BRDA:129,7,0,0
BRDA:129,7,1,2
BRDA:137,8,0,1
BRDA:137,8,1,1
BRDA:140,9,0,0
BRDA:140,9,1,1
BRF:18
BRH:15
end_of_record
TN:
SF:/home/sachan/Documents/Projects/Blockchain_Projects/NFT-unboxed/contracts/test/BasicNft.sol
FN:13,constructor
FN:17,mintNft
FN:23,tokenURI
FN:36,getTokenCounter
FNF:4
FNH:2
FNDA:3,constructor
FNDA:18,mintNft
FNDA:0,tokenURI
FNDA:0,getTokenCounter
DA:14,3
DA:18,18
DA:19,18
DA:20,18
DA:29,0
DA:33,0
DA:37,0
LF:7
LH:4
BRDA:29,1,0,0
BRDA:29,1,1,0
BRF:2
BRH:0
end_of_record
