TN:
SF:/home/sachan/Documents/Projects/Blockchain_Projects/NFT-unboxed/contracts/NftMarketplace.sol
FN:41,constructor
FN:47,isOwner
FN:57,isListed
FN:63,notListed
FN:83,listItem
FN:96,buyItem
FN:109,cancelItem
FN:123,updateItem
FN:130,withdrawProceeds
FN:142,getItem
FN:146,getProceeds
FNF:11
FNH:11
FNDA:3,constructor
FNDA:21,isOwner
FNDA:8,isListed
FNDA:15,notListed
FNDA:14,listItem
FNDA:4,buyItem
FNDA:2,cancelItem
FNDA:2,updateItem
FNDA:2,withdrawProceeds
FNDA:3,getItem
FNDA:2,getProceeds
DA:52,21
DA:53,21
DA:54,18
DA:58,8
DA:59,8
DA:60,7
DA:64,15
DA:65,15
DA:66,15
DA:84,14
DA:85,13
DA:86,13
DA:87,1
DA:88,12
DA:89,12
DA:98,4
DA:99,4
DA:101,3
DA:102,3
DA:103,3
DA:104,3
DA:111,2
DA:112,2
DA:125,2
DA:126,2
DA:127,2
DA:131,2
DA:132,2
DA:133,1
DA:134,1
DA:135,1
DA:143,3
DA:147,2
LF:33
LH:33
BRDA:53,1,0,3
BRDA:53,1,1,18
BRDA:59,2,0,1
BRDA:59,2,1,7
BRDA:65,3,0,0
BRDA:65,3,1,15
BRDA:84,4,0,1
BRDA:84,4,1,13
BRDA:86,5,0,1
BRDA:86,5,1,12
BRDA:99,6,0,1
BRDA:99,6,1,3
BRDA:125,7,0,0
BRDA:125,7,1,2
BRDA:132,8,0,1
BRDA:132,8,1,1
BRDA:135,9,0,0
BRDA:135,9,1,1
BRF:18
BRH:15
end_of_record
TN:
SF:/home/sachan/Documents/Projects/Blockchain_Projects/NFT-unboxed/contracts/test/BasicNft.sol
FN:13,constructor
FN:17,mintNft
FN:23,tokenURI
FN:36,getTokenCounter
FNF:4
FNH:2
FNDA:3,constructor
FNDA:18,mintNft
FNDA:0,tokenURI
FNDA:0,getTokenCounter
DA:14,3
DA:18,18
DA:19,18
DA:20,18
DA:29,0
DA:33,0
DA:37,0
LF:7
LH:4
BRDA:29,1,0,0
BRDA:29,1,1,0
BRF:2
BRH:0
end_of_record
